11:28:02 **** Clean-only build of configuration Debug for project pendule ****
make -j6 clean 
rm -rf *
rm: can't remove 'Drivers/STM32F4xx_HAL_Driver/Src/stm32f4xx_hal.d': Permission denied
rm: can't remove 'Drivers/STM32F4xx_HAL_Driver/Src/stm32f4xx_hal.o': Permission denied
rm: can't remove 'Drivers/STM32F4xx_HAL_Driver/Src/stm32f4xx_hal.su': Permission denied
rm: can't remove 'Drivers/STM32F4xx_HAL_Driver/Src/stm32f4xx_hal_adc.d': Permission denied
rm: can't remove 'Drivers/STM32F4xx_HAL_Driver/Src/stm32f4xx_hal_adc.o': Permission denied
rm: can't remove 'Drivers/STM32F4xx_HAL_Driver/Src/stm32f4xx_hal_adc.su': Permission denied
rm: can't remove 'Drivers/STM32F4xx_HAL_Driver/Src/stm32f4xx_hal_adc_ex.d': Permission denied
rm: can't remove 'Drivers/STM32F4xx_HAL_Driver/Src/stm32f4xx_hal_adc_ex.o': Permission denied
rm: can't remove 'Drivers/STM32F4xx_HAL_Driver/Src/stm32f4xx_hal_adc_ex.su': Permission denied
rm: can't remove 'Drivers/STM32F4xx_HAL_Driver/Src/stm32f4xx_hal_cortex.d': Permission denied
rm: can't remove 'Drivers/STM32F4xx_HAL_Driver/Src/stm32f4xx_hal_cortex.o': Permission denied
rm: can't remove 'Drivers/STM32F4xx_HAL_Driver/Src/stm32f4xx_hal_cortex.su': Permission denied
rm: can't remove 'Drivers/STM32F4xx_HAL_Driver/Src/stm32f4xx_hal_dma.d': Permission denied
rm: can't remove 'Drivers/STM32F4xx_HAL_Driver/Src/stm32f4xx_hal_dma.o': Permission denied
rm: can't remove 'Drivers/STM32F4xx_HAL_Driver/Src/stm32f4xx_hal_dma.su': Permission denied
rm: can't remove 'Drivers/STM32F4xx_HAL_Driver/Src/stm32f4xx_hal_dma_ex.d': Permission denied
rm: can't remove 'Drivers/STM32F4xx_HAL_Driver/Src/stm32f4xx_hal_dma_ex.o': Permission denied
rm: can't remove 'Drivers/STM32F4xx_HAL_Driver/Src/stm32f4xx_hal_dma_ex.su': Permission denied
rm: can't remove 'Drivers/STM32F4xx_HAL_Driver/Src/stm32f4xx_hal_exti.d': Permission denied
rm: can't remove 'Drivers/STM32F4xx_HAL_Driver/Src/stm32f4xx_hal_exti.o': Permission denied
rm: can't remove 'Drivers/STM32F4xx_HAL_Driver/Src/stm32f4xx_hal_exti.su': Permission denied
rm: can't remove 'Drivers/STM32F4xx_HAL_Driver/Src/stm32f4xx_hal_flash.d': Permission denied
rm: can't remove 'Drivers/STM32F4xx_HAL_Driver/Src/stm32f4xx_hal_flash.o': Permission denied
rm: can't remove 'Drivers/STM32F4xx_HAL_Driver/Src/stm32f4xx_hal_flash.su': Permission denied
rm: can't remove 'Drivers/STM32F4xx_HAL_Driver/Src/stm32f4xx_hal_flash_ex.d': Permission denied
rm: can't remove 'Drivers/STM32F4xx_HAL_Driver/Src/stm32f4xx_hal_flash_ex.o': Permission denied
rm: can't remove 'Drivers/STM32F4xx_HAL_Driver/Src/stm32f4xx_hal_flash_ex.su': Permission denied
rm: can't remove 'Drivers/STM32F4xx_HAL_Driver/Src/stm32f4xx_hal_flash_ramfunc.d': Permission denied
rm: can't remove 'Drivers/STM32F4xx_HAL_Driver/Src/stm32f4xx_hal_flash_ramfunc.o': Permission denied
rm: can't remove 'Drivers/STM32F4xx_HAL_Driver/Src/stm32f4xx_hal_flash_ramfunc.su': Permission denied
rm: can't remove 'Drivers/STM32F4xx_HAL_Driver/Src/stm32f4xx_hal_gpio.d': Permission denied
rm: can't remove 'Drivers/STM32F4xx_HAL_Driver/Src/stm32f4xx_hal_gpio.o': Permission denied
rm: can't remove 'Drivers/STM32F4xx_HAL_Driver/Src/stm32f4xx_hal_gpio.su': Permission denied
rm: can't remove 'Drivers/STM32F4xx_HAL_Driver/Src/stm32f4xx_hal_pwr.d': Permission denied
rm: can't remove 'Drivers/STM32F4xx_HAL_Driver/Src/stm32f4xx_hal_pwr.o': Permission denied
rm: can't remove 'Drivers/STM32F4xx_HAL_Driver/Src/stm32f4xx_hal_pwr.su': Permission denied
rm: can't remove 'Drivers/STM32F4xx_HAL_Driver/Src/stm32f4xx_hal_pwr_ex.d': Permission denied
rm: can't remove 'Drivers/STM32F4xx_HAL_Driver/Src/stm32f4xx_hal_pwr_ex.o': Permission denied
rm: can't remove 'Drivers/STM32F4xx_HAL_Driver/Src/stm32f4xx_hal_pwr_ex.su': Permission denied
rm: can't remove 'Drivers/STM32F4xx_HAL_Driver/Src/stm32f4xx_hal_rcc.d': Permission denied
rm: can't remove 'Drivers/STM32F4xx_HAL_Driver/Src/stm32f4xx_hal_rcc.o': Permission denied
rm: can't remove 'Drivers/STM32F4xx_HAL_Driver/Src/stm32f4xx_hal_rcc.su': Permission denied
rm: can't remove 'Drivers/STM32F4xx_HAL_Driver/Src/stm32f4xx_hal_rcc_ex.d': Permission denied
rm: can't remove 'Drivers/STM32F4xx_HAL_Driver/Src/stm32f4xx_hal_rcc_ex.o': Permission denied
rm: can't remove 'Drivers/STM32F4xx_HAL_Driver/Src/stm32f4xx_hal_rcc_ex.su': Permission denied
rm: can't remove 'Drivers/STM32F4xx_HAL_Driver/Src/stm32f4xx_hal_tim.d': Permission denied
rm: can't remove 'Drivers/STM32F4xx_HAL_Driver/Src/stm32f4xx_hal_tim.o': Permission denied
rm: can't remove 'Drivers/STM32F4xx_HAL_Driver/Src/stm32f4xx_hal_tim.su': Permission denied
rm: can't remove 'Drivers/STM32F4xx_HAL_Driver/Src/stm32f4xx_hal_tim_ex.d': Permission denied
rm: can't remove 'Drivers/STM32F4xx_HAL_Driver/Src/stm32f4xx_hal_tim_ex.o': Permission denied
rm: can't remove 'Drivers/STM32F4xx_HAL_Driver/Src/stm32f4xx_hal_tim_ex.su': Permission denied
rm: can't remove 'Drivers/STM32F4xx_HAL_Driver/Src/stm32f4xx_hal_uart.d': Permission denied
rm: can't remove 'Drivers/STM32F4xx_HAL_Driver/Src/stm32f4xx_hal_uart.o': Permission denied
rm: can't remove 'Drivers/STM32F4xx_HAL_Driver/Src/stm32f4xx_hal_uart.su': Permission denied
rm: can't remove 'Drivers/STM32F4xx_HAL_Driver/Src/subdir.mk': Permission denied
rm: can't remove 'Src/main.d': Permission denied
rm: can't remove 'Src/main.o': Permission denied
rm: can't remove 'Src/main.su': Permission denied
rm: can't remove 'Src/stm32f4xx_hal_msp.d': Permission denied
rm: can't remove 'Src/stm32f4xx_hal_msp.o': Permission denied
rm: can't remove 'Src/stm32f4xx_hal_msp.su': Permission denied
rm: can't remove 'Src/stm32f4xx_it.d': Permission denied
rm: can't remove 'Src/stm32f4xx_it.o': Permission denied
rm: can't remove 'Src/stm32f4xx_it.su': Permission denied
rm: can't remove 'Src/subdir.mk': Permission denied
rm: can't remove 'Src/syscalls.d': Permission denied
rm: can't remove 'Src/syscalls.o': Permission denied
rm: can't remove 'Src/syscalls.su': Permission denied
rm: can't remove 'Src/sysmem.d': Permission denied
rm: can't remove 'Src/sysmem.o': Permission denied
rm: can't remove 'Src/sysmem.su': Permission denied
rm: can't remove 'Src/system_stm32f4xx.d': Permission denied
rm: can't remove 'Src/system_stm32f4xx.o': Permission denied
rm: can't remove 'Src/system_stm32f4xx.su': Permission denied
rm: can't remove 'Startup/startup_stm32f411retx.o': Permission denied
rm: can't remove 'Startup/subdir.mk': Permission denied
rm: can't remove 'makefile': Permission denied
rm: can't remove 'objects.list': Permission denied
rm: can't remove 'objects.mk': Permission denied
rm: can't remove 'pendule.elf': Permission denied
rm: can't remove 'pendule.list': Permission denied
rm: can't remove 'pendule.map': Permission denied
rm: can't remove 'sources.mk': Permission denied
make: [makefile:57: clean] Error 1 (ignored)
 

11:28:02 Build Finished. 0 errors, 0 warnings. (took 750ms)

